# Logfile created on Mon Aug 09 07:54:10 -0300 2021  [4;36;1mSQL (0.1ms)[0m   [0;1mSET NAMES 'utf8'[0m
  [4;35;1mSQL (0.1ms)[0m   [0mSET SQL_AUTO_IS_NULL=0[0m


Processing HomeController#index (for 127.0.0.1 at 2021-08-09 07:54:11) [GET]
  [4;36;1mUser Columns (0.9ms)[0m   [0;1mSHOW FIELDS FROM `users`[0m
  [4;35;1mUser Load (0.2ms)[0m   [0mSELECT * FROM `users` WHERE (`users`.`id` = 2) LIMIT 1[0m
Rendering template within layouts/application
Rendering home/index
  [4;36;1mInformativo Load (0.7ms)[0m   [0;1mSELECT * FROM `informativos` WHERE (starts_at <= '2021-08-09 10:54:11' AND ends_at >= '2021-08-09 10:54:11') [0m
  [4;35;1mroles_users Columns (1.1ms)[0m   [0mSHOW FIELDS FROM `roles_users`[0m
  [4;36;1mRole Load (0.3ms)[0m   [0;1mSELECT * FROM `roles` INNER JOIN `roles_users` ON `roles`.id = `roles_users`.role_id WHERE (`roles_users`.user_id = 2 ) [0m
  [4;35;1mRole Columns (1.2ms)[0m   [0mSHOW FIELDS FROM `roles`[0m
  [4;36;1mUnidade Load (0.3ms)[0m   [0;1mSELECT * FROM `unidades` WHERE (id=50) [0m
  [4;35;1mUnidade Columns (1.2ms)[0m   [0mSHOW FIELDS FROM `unidades`[0m
Completed in 197ms (View: 163, DB: 6) | 200 OK [http://localhost/]
  [4;36;1mSQL (0.1ms)[0m   [0;1mSET NAMES 'utf8'[0m
  [4;35;1mSQL (0.0ms)[0m   [0mSET SQL_AUTO_IS_NULL=0[0m


Processing HomeController#index (for 127.0.0.1 at 2021-08-09 07:54:27) [GET]
  [4;36;1mUser Columns (0.8ms)[0m   [0;1mSHOW FIELDS FROM `users`[0m
  [4;35;1mUser Load (0.2ms)[0m   [0mSELECT * FROM `users` WHERE (`users`.`id` = 2) LIMIT 1[0m
Rendering template within layouts/application
Rendering home/index
  [4;36;1mInformativo Load (0.7ms)[0m   [0;1mSELECT * FROM `informativos` WHERE (starts_at <= '2021-08-09 10:54:27' AND ends_at >= '2021-08-09 10:54:27') [0m
  [4;35;1mroles_users Columns (1.2ms)[0m   [0mSHOW FIELDS FROM `roles_users`[0m
  [4;36;1mRole Load (0.1ms)[0m   [0;1mSELECT * FROM `roles` INNER JOIN `roles_users` ON `roles`.id = `roles_users`.role_id WHERE (`roles_users`.user_id = 2 ) [0m
  [4;35;1mRole Columns (1.1ms)[0m   [0mSHOW FIELDS FROM `roles`[0m
  [4;36;1mUnidade Load (0.2ms)[0m   [0;1mSELECT * FROM `unidades` WHERE (id=50) [0m
  [4;35;1mUnidade Columns (0.8ms)[0m   [0mSHOW FIELDS FROM `unidades`[0m
Completed in 50ms (View: 32, DB: 5) | 200 OK [http://localhost/]
  [4;36;1mSQL (0.2ms)[0m   [0;1mSET NAMES 'utf8'[0m
  [4;35;1mSQL (0.1ms)[0m   [0mSET SQL_AUTO_IS_NULL=0[0m


Processing HomeController#index (for 127.0.0.1 at 2021-08-09 07:55:29) [GET]
  [4;36;1mUser Columns (0.9ms)[0m   [0;1mSHOW FIELDS FROM `users`[0m
  [4;35;1mUser Load (0.2ms)[0m   [0mSELECT * FROM `users` WHERE (`users`.`id` = 2) LIMIT 1[0m
Rendering template within layouts/application
Rendering home/index
  [4;36;1mInformativo Load (0.7ms)[0m   [0;1mSELECT * FROM `informativos` WHERE (starts_at <= '2021-08-09 10:55:29' AND ends_at >= '2021-08-09 10:55:29') [0m
  [4;35;1mroles_users Columns (1.3ms)[0m   [0mSHOW FIELDS FROM `roles_users`[0m
  [4;36;1mRole Load (0.1ms)[0m   [0;1mSELECT * FROM `roles` INNER JOIN `roles_users` ON `roles`.id = `roles_users`.role_id WHERE (`roles_users`.user_id = 2 ) [0m
  [4;35;1mRole Columns (0.6ms)[0m   [0mSHOW FIELDS FROM `roles`[0m
  [4;36;1mUnidade Load (0.2ms)[0m   [0;1mSELECT * FROM `unidades` WHERE (id=50) [0m
  [4;35;1mUnidade Columns (0.7ms)[0m   [0mSHOW FIELDS FROM `unidades`[0m
Completed in 55ms (View: 36, DB: 5) | 200 OK [http://localhost/]
  [4;36;1mSQL (0.1ms)[0m   [0;1mSET NAMES 'utf8'[0m
  [4;35;1mSQL (0.0ms)[0m   [0mSET SQL_AUTO_IS_NULL=0[0m


Processing HomeController#index (for 127.0.0.1 at 2021-08-09 07:55:43) [GET]
  [4;36;1mUser Columns (1.0ms)[0m   [0;1mSHOW FIELDS FROM `users`[0m
  [4;35;1mUser Load (0.1ms)[0m   [0mSELECT * FROM `users` WHERE (`users`.`id` = 2) LIMIT 1[0m
Rendering template within layouts/application
Rendering home/index
  [4;36;1mInformativo Load (0.4ms)[0m   [0;1mSELECT * FROM `informativos` WHERE (starts_at <= '2021-08-09 10:55:43' AND ends_at >= '2021-08-09 10:55:43') [0m
  [4;35;1mroles_users Columns (0.7ms)[0m   [0mSHOW FIELDS FROM `roles_users`[0m
  [4;36;1mRole Load (0.0ms)[0m   [0;1mSELECT * FROM `roles` INNER JOIN `roles_users` ON `roles`.id = `roles_users`.role_id WHERE (`roles_users`.user_id = 2 ) [0m
  [4;35;1mRole Columns (1.8ms)[0m   [0mSHOW FIELDS FROM `roles`[0m
  [4;36;1mUnidade Load (0.2ms)[0m   [0;1mSELECT * FROM `unidades` WHERE (id=50) [0m
  [4;35;1mUnidade Columns (0.8ms)[0m   [0mSHOW FIELDS FROM `unidades`[0m
Completed in 54ms (View: 35, DB: 5) | 200 OK [http://localhost/]
  [4;36;1mSQL (0.1ms)[0m   [0;1mSET NAMES 'utf8'[0m
  [4;35;1mSQL (0.1ms)[0m   [0mSET SQL_AUTO_IS_NULL=0[0m


Processing HomeController#index (for 127.0.0.1 at 2021-08-09 07:56:40) [GET]
  [4;36;1mUser Columns (0.8ms)[0m   [0;1mSHOW FIELDS FROM `users`[0m
  [4;35;1mUser Load (0.1ms)[0m   [0mSELECT * FROM `users` WHERE (`users`.`id` = 2) LIMIT 1[0m
Rendering template within layouts/application
Rendering home/index
  [4;36;1mInformativo Load (0.5ms)[0m   [0;1mSELECT * FROM `informativos` WHERE (starts_at <= '2021-08-09 10:56:40' AND ends_at >= '2021-08-09 10:56:40') [0m
  [4;35;1mroles_users Columns (0.9ms)[0m   [0mSHOW FIELDS FROM `roles_users`[0m
  [4;36;1mRole Load (0.2ms)[0m   [0;1mSELECT * FROM `roles` INNER JOIN `roles_users` ON `roles`.id = `roles_users`.role_id WHERE (`roles_users`.user_id = 2 ) [0m
  [4;35;1mRole Columns (0.9ms)[0m   [0mSHOW FIELDS FROM `roles`[0m
  [4;36;1mUnidade Load (0.1ms)[0m   [0;1mSELECT * FROM `unidades` WHERE (id=50) [0m
  [4;35;1mUnidade Columns (0.6ms)[0m   [0mSHOW FIELDS FROM `unidades`[0m
Completed in 54ms (View: 38, DB: 4) | 200 OK [http://localhost/]
  [4;36;1mSQL (0.2ms)[0m   [0;1mSET NAMES 'utf8'[0m
  [4;35;1mSQL (0.1ms)[0m   [0mSET SQL_AUTO_IS_NULL=0[0m


Processing HomeController#index (for 127.0.0.1 at 2021-08-09 07:57:11) [GET]
  [4;36;1mUser Columns (0.7ms)[0m   [0;1mSHOW FIELDS FROM `users`[0m
  [4;35;1mUser Load (0.1ms)[0m   [0mSELECT * FROM `users` WHERE (`users`.`id` = 2) LIMIT 1[0m
Rendering template within layouts/application
Rendering home/index
  [4;36;1mInformativo Load (0.4ms)[0m   [0;1mSELECT * FROM `informativos` WHERE (starts_at <= '2021-08-09 10:57:11' AND ends_at >= '2021-08-09 10:57:11') [0m
  [4;35;1mroles_users Columns (0.6ms)[0m   [0mSHOW FIELDS FROM `roles_users`[0m
  [4;36;1mRole Load (0.1ms)[0m   [0;1mSELECT * FROM `roles` INNER JOIN `roles_users` ON `roles`.id = `roles_users`.role_id WHERE (`roles_users`.user_id = 2 ) [0m
  [4;35;1mRole Columns (0.4ms)[0m   [0mSHOW FIELDS FROM `roles`[0m
  [4;36;1mUnidade Load (0.2ms)[0m   [0;1mSELECT * FROM `unidades` WHERE (id=50) [0m
  [4;35;1mUnidade Columns (0.6ms)[0m   [0mSHOW FIELDS FROM `unidades`[0m
Completed in 41ms (View: 28, DB: 3) | 200 OK [http://localhost/]
  [4;36;1mSQL (0.1ms)[0m   [0;1mSET NAMES 'utf8'[0m
  [4;35;1mSQL (0.1ms)[0m   [0mSET SQL_AUTO_IS_NULL=0[0m


Processing HomeController#index (for 127.0.0.1 at 2021-08-09 07:58:12) [GET]
  [4;36;1mUser Columns (1.2ms)[0m   [0;1mSHOW FIELDS FROM `users`[0m
  [4;35;1mUser Load (0.2ms)[0m   [0mSELECT * FROM `users` WHERE (`users`.`id` = 2) LIMIT 1[0m
Rendering template within layouts/application
Rendering home/index
  [4;36;1mInformativo Load (0.4ms)[0m   [0;1mSELECT * FROM `informativos` WHERE (starts_at <= '2021-08-09 10:58:12' AND ends_at >= '2021-08-09 10:58:12') [0m
  [4;35;1mroles_users Columns (0.6ms)[0m   [0mSHOW FIELDS FROM `roles_users`[0m
  [4;36;1mRole Load (0.0ms)[0m   [0;1mSELECT * FROM `roles` INNER JOIN `roles_users` ON `roles`.id = `roles_users`.role_id WHERE (`roles_users`.user_id = 2 ) [0m
  [4;35;1mRole Columns (0.4ms)[0m   [0mSHOW FIELDS FROM `roles`[0m
  [4;36;1mUnidade Load (0.3ms)[0m   [0;1mSELECT * FROM `unidades` WHERE (id=50) [0m
  [4;35;1mUnidade Columns (6.5ms)[0m   [0mSHOW FIELDS FROM `unidades`[0m
Completed in 96ms (View: 73, DB: 10) | 200 OK [http://localhost/]
